e:\git\learnopengl\myopengl\x64\myopengl_d_r\vc142.pdb
e:\git\learnopengl\myopengl\x64\myopengl_d_r\vc142.idb
<<<<<<< HEAD
e:\git\learnopengl\myopengl\x64\myopengl_d_r\util.obj
e:\git\learnopengl\myopengl\x64\myopengl_d_r\stb_image.obj
e:\git\learnopengl\myopengl\x64\myopengl_d_r\shaderclass.obj
e:\git\learnopengl\myopengl\x64\myopengl_d_r\shader.obj
e:\git\learnopengl\myopengl\x64\myopengl_d_r\main.obj
e:\git\learnopengl\myopengl\x64\myopengl_d_r\data.obj
e:\git\learnopengl\myopengl\x64\myopengl_d_r\glad.obj
e:\git\learnopengl\myopengl\x64\myopengl_d_r\myopengl.exe
e:\git\learnopengl\myopengl\x64\myopengl_d_r\myopengl.ilk
e:\git\learnopengl\myopengl\x64\myopengl_d_r\myopengl.pdb
=======
e:\git\learnopengl\myopengl\x64\myopengl_d_r\shader.obj
e:\git\learnopengl\myopengl\x64\myopengl_d_r\main.obj
e:\git\learnopengl\myopengl\x64\myopengl_d_r\shaderclass.obj
e:\git\learnopengl\myopengl\x64\myopengl_d_r\util.obj
e:\git\learnopengl\myopengl\x64\myopengl_d_r\stb_image.obj
e:\git\learnopengl\myopengl\x64\myopengl_d_r\data.obj
d:\git\learnopengl\myopengl\x64\myopengl_d_r\vc142.pdb
d:\git\learnopengl\myopengl\x64\myopengl_d_r\vc142.idb
d:\git\learnopengl\myopengl\x64\myopengl_d_r\shader.obj
d:\git\learnopengl\myopengl\x64\myopengl_d_r\data.obj
d:\git\learnopengl\myopengl\x64\myopengl_d_r\util.obj
d:\git\learnopengl\myopengl\x64\myopengl_d_r\stb_image.obj
d:\git\learnopengl\myopengl\x64\myopengl_d_r\shaderclass.obj
d:\git\learnopengl\myopengl\x64\myopengl_d_r\main.obj
d:\git\learnopengl\myopengl\x64\myopengl_d_r\glad.obj
e:\git\learnopengl\myopengl\x64\myopengl_d_r\glad.obj
e:\git\learnopengl\myopengl\x64\myopengl_d_r\myopengl.ilk
e:\git\learnopengl\myopengl\x64\myopengl_d_r\myopengl.exe
e:\git\learnopengl\myopengl\x64\myopengl_d_r\myopengl.pdb
e:\git\learnopengl\myopengl\x64\myopengl_d_r\main.obj.enc
>>>>>>> 6cf7835c863c5d2f7b82b9a72dc833f9d28a7206
e:\git\learnopengl\myopengl\x64\myopengl_d_r\myopengl.tlog\cl.command.1.tlog
e:\git\learnopengl\myopengl\x64\myopengl_d_r\myopengl.tlog\cl.read.1.tlog
e:\git\learnopengl\myopengl\x64\myopengl_d_r\myopengl.tlog\cl.write.1.tlog
e:\git\learnopengl\myopengl\x64\myopengl_d_r\myopengl.tlog\link.command.1.tlog
<<<<<<< HEAD
=======
e:\git\learnopengl\myopengl\x64\myopengl_d_r\myopengl.tlog\link.delete.1.tlog
>>>>>>> 6cf7835c863c5d2f7b82b9a72dc833f9d28a7206
e:\git\learnopengl\myopengl\x64\myopengl_d_r\myopengl.tlog\link.read.1.tlog
e:\git\learnopengl\myopengl\x64\myopengl_d_r\myopengl.tlog\link.write.1.tlog
